<?xml version="1.0" encoding="UTF-8"?>
<testsuite name="org.example.book.sbtest.web.PostsApiControllerTest" tests="1" skipped="0" failures="0" errors="0" timestamp="2021-01-01T15:27:06" hostname="DESKTOP-1LK6ON1" time="1.306">
  <properties/>
  <testcase name="Posts_등록된다" classname="org.example.book.sbtest.web.PostsApiControllerTest" time="1.306"/>
  <system-out><![CDATA[00:26:54.653 [Test worker] DEBUG org.springframework.test.context.junit4.SpringJUnit4ClassRunner - SpringJUnit4ClassRunner constructor called with [class org.example.book.sbtest.web.PostsApiControllerTest]
00:26:54.684 [Test worker] DEBUG org.springframework.test.context.BootstrapUtils - Instantiating CacheAwareContextLoaderDelegate from class [org.springframework.test.context.cache.DefaultCacheAwareContextLoaderDelegate]
00:26:54.715 [Test worker] DEBUG org.springframework.test.context.BootstrapUtils - Instantiating BootstrapContext using constructor [public org.springframework.test.context.support.DefaultBootstrapContext(java.lang.Class,org.springframework.test.context.CacheAwareContextLoaderDelegate)]
00:26:54.746 [Test worker] DEBUG org.springframework.test.context.BootstrapUtils - Instantiating TestContextBootstrapper for test class [org.example.book.sbtest.web.PostsApiControllerTest] from class [org.springframework.boot.test.context.SpringBootTestContextBootstrapper]
00:26:54.793 [Test worker] INFO org.springframework.boot.test.context.SpringBootTestContextBootstrapper - Neither @ContextConfiguration nor @ContextHierarchy found for test class [org.example.book.sbtest.web.PostsApiControllerTest], using SpringBootContextLoader
00:26:54.793 [Test worker] DEBUG org.springframework.test.context.support.AbstractContextLoader - Did not detect default resource location for test class [org.example.book.sbtest.web.PostsApiControllerTest]: class path resource [org/example/book/sbtest/web/PostsApiControllerTest-context.xml] does not exist
00:26:54.793 [Test worker] DEBUG org.springframework.test.context.support.AbstractContextLoader - Did not detect default resource location for test class [org.example.book.sbtest.web.PostsApiControllerTest]: class path resource [org/example/book/sbtest/web/PostsApiControllerTestContext.groovy] does not exist
00:26:54.793 [Test worker] INFO org.springframework.test.context.support.AbstractContextLoader - Could not detect default resource locations for test class [org.example.book.sbtest.web.PostsApiControllerTest]: no resource found for suffixes {-context.xml, Context.groovy}.
00:26:54.793 [Test worker] INFO org.springframework.test.context.support.AnnotationConfigContextLoaderUtils - Could not detect default configuration classes for test class [org.example.book.sbtest.web.PostsApiControllerTest]: PostsApiControllerTest does not declare any static, non-private, non-final, nested classes annotated with @Configuration.
00:26:54.887 [Test worker] DEBUG org.springframework.test.context.support.ActiveProfilesUtils - Could not find an 'annotation declaring class' for annotation type [org.springframework.test.context.ActiveProfiles] and class [org.example.book.sbtest.web.PostsApiControllerTest]
00:26:55.075 [Test worker] DEBUG org.springframework.context.annotation.ClassPathScanningCandidateComponentProvider - Identified candidate component class: file [C:\Users\rich1\IdeaProjects\sbtest\build\classes\java\main\org\example\book\sbtest\Application.class]
00:26:55.075 [Test worker] INFO org.springframework.boot.test.context.SpringBootTestContextBootstrapper - Found @SpringBootConfiguration org.example.book.sbtest.Application for test class org.example.book.sbtest.web.PostsApiControllerTest
00:26:55.262 [Test worker] DEBUG org.springframework.boot.test.context.SpringBootTestContextBootstrapper - @TestExecutionListeners is not present for class [org.example.book.sbtest.web.PostsApiControllerTest]: using defaults.
00:26:55.278 [Test worker] INFO org.springframework.boot.test.context.SpringBootTestContextBootstrapper - Loaded default TestExecutionListener class names from location [META-INF/spring.factories]: [org.springframework.boot.test.autoconfigure.restdocs.RestDocsTestExecutionListener, org.springframework.boot.test.autoconfigure.web.client.MockRestServiceServerResetTestExecutionListener, org.springframework.boot.test.autoconfigure.web.servlet.MockMvcPrintOnlyOnFailureTestExecutionListener, org.springframework.boot.test.autoconfigure.web.servlet.WebDriverTestExecutionListener, org.springframework.boot.test.mock.mockito.MockitoTestExecutionListener, org.springframework.boot.test.mock.mockito.ResetMocksTestExecutionListener, org.springframework.test.context.web.ServletTestExecutionListener, org.springframework.test.context.support.DirtiesContextBeforeModesTestExecutionListener, org.springframework.test.context.support.DependencyInjectionTestExecutionListener, org.springframework.test.context.support.DirtiesContextTestExecutionListener, org.springframework.test.context.transaction.TransactionalTestExecutionListener, org.springframework.test.context.jdbc.SqlScriptsTestExecutionListener]
00:26:55.309 [Test worker] INFO org.springframework.boot.test.context.SpringBootTestContextBootstrapper - Using TestExecutionListeners: [org.springframework.test.context.web.ServletTestExecutionListener@5359380e, org.springframework.test.context.support.DirtiesContextBeforeModesTestExecutionListener@9958835, org.springframework.boot.test.mock.mockito.MockitoTestExecutionListener@429f5592, org.springframework.boot.test.autoconfigure.SpringBootDependencyInjectionTestExecutionListener@c4b157, org.springframework.test.context.support.DirtiesContextTestExecutionListener@1ac77009, org.springframework.test.context.transaction.TransactionalTestExecutionListener@3f368744, org.springframework.test.context.jdbc.SqlScriptsTestExecutionListener@7bd76f5, org.springframework.boot.test.autoconfigure.restdocs.RestDocsTestExecutionListener@2256215c, org.springframework.boot.test.autoconfigure.web.client.MockRestServiceServerResetTestExecutionListener@3305a27, org.springframework.boot.test.autoconfigure.web.servlet.MockMvcPrintOnlyOnFailureTestExecutionListener@8b7f1a2, org.springframework.boot.test.autoconfigure.web.servlet.WebDriverTestExecutionListener@64d1349f, org.springframework.boot.test.mock.mockito.ResetMocksTestExecutionListener@771eb598]
00:26:55.325 [Test worker] DEBUG org.springframework.test.annotation.ProfileValueUtils - Retrieved @ProfileValueSourceConfiguration [null] for test class [org.example.book.sbtest.web.PostsApiControllerTest]
00:26:55.325 [Test worker] DEBUG org.springframework.test.annotation.ProfileValueUtils - Retrieved ProfileValueSource type [class org.springframework.test.annotation.SystemProfileValueSource] for class [org.example.book.sbtest.web.PostsApiControllerTest]
00:26:55.340 [Test worker] DEBUG org.springframework.test.annotation.ProfileValueUtils - Retrieved @ProfileValueSourceConfiguration [null] for test class [org.example.book.sbtest.web.PostsApiControllerTest]
00:26:55.340 [Test worker] DEBUG org.springframework.test.annotation.ProfileValueUtils - Retrieved ProfileValueSource type [class org.springframework.test.annotation.SystemProfileValueSource] for class [org.example.book.sbtest.web.PostsApiControllerTest]
00:26:55.356 [Test worker] DEBUG org.springframework.test.annotation.ProfileValueUtils - Retrieved @ProfileValueSourceConfiguration [null] for test class [org.example.book.sbtest.web.PostsApiControllerTest]
00:26:55.356 [Test worker] DEBUG org.springframework.test.annotation.ProfileValueUtils - Retrieved ProfileValueSource type [class org.springframework.test.annotation.SystemProfileValueSource] for class [org.example.book.sbtest.web.PostsApiControllerTest]
00:26:55.356 [Test worker] DEBUG org.springframework.test.context.support.AbstractDirtiesContextTestExecutionListener - Before test class: context [DefaultTestContext@3228024f testClass = PostsApiControllerTest, testInstance = [null], testMethod = [null], testException = [null], mergedContextConfiguration = [WebMergedContextConfiguration@3924ee09 testClass = PostsApiControllerTest, locations = '{}', classes = '{class org.example.book.sbtest.Application}', contextInitializerClasses = '[]', activeProfiles = '{}', propertySourceLocations = '{}', propertySourceProperties = '{org.springframework.boot.test.context.SpringBootTestContextBootstrapper=true, server.port=0}', contextCustomizers = set[org.springframework.boot.test.autoconfigure.properties.PropertyMappingContextCustomizer@0, org.springframework.boot.test.autoconfigure.web.servlet.WebDriverContextCustomizerFactory$Customizer@69a71fd5, org.springframework.boot.test.context.filter.ExcludeFilterContextCustomizer@50a8442f, org.springframework.boot.test.json.DuplicateJsonObjectContextCustomizerFactory$DuplicateJsonObjectContextCustomizer@25b2512f, org.springframework.boot.test.mock.mockito.MockitoContextCustomizer@0, org.springframework.boot.test.web.client.TestRestTemplateContextCustomizer@6807c01e], resourceBasePath = 'src/main/webapp', contextLoader = 'org.springframework.boot.test.context.SpringBootContextLoader', parent = [null]], attributes = map['org.springframework.test.context.web.ServletTestExecutionListener.activateListener' -> false]], class annotated with @DirtiesContext [false] with mode [null].
00:26:55.356 [Test worker] DEBUG org.springframework.test.annotation.ProfileValueUtils - Retrieved @ProfileValueSourceConfiguration [null] for test class [org.example.book.sbtest.web.PostsApiControllerTest]
00:26:55.356 [Test worker] DEBUG org.springframework.test.annotation.ProfileValueUtils - Retrieved ProfileValueSource type [class org.springframework.test.annotation.SystemProfileValueSource] for class [org.example.book.sbtest.web.PostsApiControllerTest]
00:26:55.371 [Test worker] DEBUG org.springframework.test.context.support.DependencyInjectionTestExecutionListener - Performing dependency injection for test context [[DefaultTestContext@3228024f testClass = PostsApiControllerTest, testInstance = org.example.book.sbtest.web.PostsApiControllerTest@7b17b9c2, testMethod = [null], testException = [null], mergedContextConfiguration = [WebMergedContextConfiguration@3924ee09 testClass = PostsApiControllerTest, locations = '{}', classes = '{class org.example.book.sbtest.Application}', contextInitializerClasses = '[]', activeProfiles = '{}', propertySourceLocations = '{}', propertySourceProperties = '{org.springframework.boot.test.context.SpringBootTestContextBootstrapper=true, server.port=0}', contextCustomizers = set[org.springframework.boot.test.autoconfigure.properties.PropertyMappingContextCustomizer@0, org.springframework.boot.test.autoconfigure.web.servlet.WebDriverContextCustomizerFactory$Customizer@69a71fd5, org.springframework.boot.test.context.filter.ExcludeFilterContextCustomizer@50a8442f, org.springframework.boot.test.json.DuplicateJsonObjectContextCustomizerFactory$DuplicateJsonObjectContextCustomizer@25b2512f, org.springframework.boot.test.mock.mockito.MockitoContextCustomizer@0, org.springframework.boot.test.web.client.TestRestTemplateContextCustomizer@6807c01e], resourceBasePath = 'src/main/webapp', contextLoader = 'org.springframework.boot.test.context.SpringBootContextLoader', parent = [null]], attributes = map['org.springframework.test.context.web.ServletTestExecutionListener.activateListener' -> false]]].
00:26:55.403 [Test worker] DEBUG org.springframework.test.context.support.TestPropertySourceUtils - Adding inlined properties to environment: {spring.jmx.enabled=false, org.springframework.boot.test.context.SpringBootTestContextBootstrapper=true, server.port=0}

  .   ____          _            __ _ _
 /\\ / ___'_ __ _ _(_)_ __  __ _ \ \ \ \
( ( )\___ | '_ | '_| | '_ \/ _` | \ \ \ \
 \\/  ___)| |_)| | | | | || (_| |  ) ) ) )
  '  |____| .__|_| |_|_| |_\__, | / / / /
 =========|_|==============|___/=/_/_/_/
 :: Spring Boot ::        (v2.1.7.RELEASE)

2021-01-02 00:26:56.075  INFO 20952 --- [    Test worker] o.e.b.sbtest.web.PostsApiControllerTest  : Starting PostsApiControllerTest on DESKTOP-1LK6ON1 with PID 20952 (started by rich1 in C:\Users\rich1\IdeaProjects\sbtest)
2021-01-02 00:26:56.075  INFO 20952 --- [    Test worker] o.e.b.sbtest.web.PostsApiControllerTest  : No active profile set, falling back to default profiles: default
2021-01-02 00:26:58.137  INFO 20952 --- [    Test worker] .s.d.r.c.RepositoryConfigurationDelegate : Bootstrapping Spring Data repositories in DEFAULT mode.
2021-01-02 00:26:58.278  INFO 20952 --- [    Test worker] .s.d.r.c.RepositoryConfigurationDelegate : Finished Spring Data repository scanning in 125ms. Found 1 repository interfaces.
2021-01-02 00:26:59.075  INFO 20952 --- [    Test worker] trationDelegate$BeanPostProcessorChecker : Bean 'org.springframework.transaction.annotation.ProxyTransactionManagementConfiguration' of type [org.springframework.transaction.annotation.ProxyTransactionManagementConfiguration$$EnhancerBySpringCGLIB$$93df180d] is not eligible for getting processed by all BeanPostProcessors (for example: not eligible for auto-proxying)
2021-01-02 00:27:00.044  INFO 20952 --- [    Test worker] o.s.b.w.embedded.tomcat.TomcatWebServer  : Tomcat initialized with port(s): 0 (http)
2021-01-02 00:27:00.091  INFO 20952 --- [    Test worker] o.apache.catalina.core.StandardService   : Starting service [Tomcat]
2021-01-02 00:27:00.091  INFO 20952 --- [    Test worker] org.apache.catalina.core.StandardEngine  : Starting Servlet engine: [Apache Tomcat/9.0.22]
2021-01-02 00:27:00.403  INFO 20952 --- [    Test worker] o.a.c.c.C.[Tomcat].[localhost].[/]       : Initializing Spring embedded WebApplicationContext
2021-01-02 00:27:00.403  INFO 20952 --- [    Test worker] o.s.web.context.ContextLoader            : Root WebApplicationContext: initialization completed in 4281 ms
2021-01-02 00:27:00.935  INFO 20952 --- [    Test worker] com.zaxxer.hikari.HikariDataSource       : HikariPool-1 - Starting...
2021-01-02 00:27:01.310  INFO 20952 --- [    Test worker] com.zaxxer.hikari.HikariDataSource       : HikariPool-1 - Start completed.
2021-01-02 00:27:01.466  INFO 20952 --- [    Test worker] o.hibernate.jpa.internal.util.LogHelper  : HHH000204: Processing PersistenceUnitInfo [
	name: default
	...]
2021-01-02 00:27:01.622  INFO 20952 --- [    Test worker] org.hibernate.Version                    : HHH000412: Hibernate Core {5.3.10.Final}
2021-01-02 00:27:01.622  INFO 20952 --- [    Test worker] org.hibernate.cfg.Environment            : HHH000206: hibernate.properties not found
2021-01-02 00:27:02.028  INFO 20952 --- [    Test worker] o.hibernate.annotations.common.Version   : HCANN000001: Hibernate Commons Annotations {5.0.4.Final}
2021-01-02 00:27:02.497  INFO 20952 --- [    Test worker] org.hibernate.dialect.Dialect            : HHH000400: Using dialect: org.hibernate.dialect.MySQL5InnoDBDialect
Hibernate: drop table if exists posts
Hibernate: create table posts (id bigint not null auto_increment, author varchar(255), content TEXT not null, title varchar(500) not null, primary key (id)) engine=InnoDB
2021-01-02 00:27:03.669  INFO 20952 --- [    Test worker] o.h.t.schema.internal.SchemaCreatorImpl  : HHH000476: Executing import script 'org.hibernate.tool.schema.internal.exec.ScriptSourceInputNonExistentImpl@ae4a558'
2021-01-02 00:27:03.669  INFO 20952 --- [    Test worker] j.LocalContainerEntityManagerFactoryBean : Initialized JPA EntityManagerFactory for persistence unit 'default'
2021-01-02 00:27:05.513  INFO 20952 --- [    Test worker] o.s.s.concurrent.ThreadPoolTaskExecutor  : Initializing ExecutorService 'applicationTaskExecutor'
2021-01-02 00:27:05.638  WARN 20952 --- [    Test worker] aWebConfiguration$JpaWebMvcConfiguration : spring.jpa.open-in-view is enabled by default. Therefore, database queries may be performed during view rendering. Explicitly configure spring.jpa.open-in-view to disable this warning
2021-01-02 00:27:06.545  INFO 20952 --- [    Test worker] o.s.b.w.embedded.tomcat.TomcatWebServer  : Tomcat started on port(s): 51238 (http) with context path ''
2021-01-02 00:27:06.576  INFO 20952 --- [    Test worker] o.e.b.sbtest.web.PostsApiControllerTest  : Started PostsApiControllerTest in 11.173 seconds (JVM running for 13.177)
2021-01-02 00:27:07.013  INFO 20952 --- [o-auto-1-exec-7] o.a.c.c.C.[Tomcat].[localhost].[/]       : Initializing Spring DispatcherServlet 'dispatcherServlet'
2021-01-02 00:27:07.013  INFO 20952 --- [o-auto-1-exec-7] o.s.web.servlet.DispatcherServlet        : Initializing Servlet 'dispatcherServlet'
2021-01-02 00:27:07.060  INFO 20952 --- [o-auto-1-exec-7] o.s.web.servlet.DispatcherServlet        : Completed initialization in 47 ms
Hibernate: insert into posts (author, content, title) values (?, ?, ?)
2021-01-02 00:27:07.498  INFO 20952 --- [    Test worker] o.h.h.i.QueryTranslatorFactoryInitiator  : HHH000397: Using ASTQueryTranslatorFactory
Hibernate: select posts0_.id as id1_0_, posts0_.author as author2_0_, posts0_.content as content3_0_, posts0_.title as title4_0_ from posts posts0_
Hibernate: select posts0_.id as id1_0_, posts0_.author as author2_0_, posts0_.content as content3_0_, posts0_.title as title4_0_ from posts posts0_
Hibernate: delete from posts where id=?
]]></system-out>
  <system-err><![CDATA[]]></system-err>
</testsuite>
